#! /c/iverilog/bin/vvp
:ivl_version "12.0 (devel)" "(s20150603-965-g55e06db6)";
:ivl_delay_selection "TYPICAL";
:vpi_time_precision - 9;
:vpi_module "C:\iverilog\lib\ivl\system.vpi";
:vpi_module "C:\iverilog\lib\ivl\vhdl_sys.vpi";
:vpi_module "C:\iverilog\lib\ivl\vhdl_textio.vpi";
:vpi_module "C:\iverilog\lib\ivl\v2005_math.vpi";
:vpi_module "C:\iverilog\lib\ivl\va_math.vpi";
S_00000000010c9d30 .scope module, "adder_tb" "adder_tb" 2 2;
 .timescale -8 -9;
v0000000001114440_0 .var "a", 0 0;
v0000000001113ea0_0 .var "b", 0 0;
v00000000011137c0_0 .var "c", 0 0;
v0000000001113ae0_0 .net "carry", 0 0, L_0000000001114b20;  1 drivers
v0000000001113860_0 .net "sum", 0 0, L_0000000001114e30;  1 drivers
S_0000000001116650 .scope module, "uut" "adder" 2 5, 3 1 0, S_00000000010c9d30;
 .timescale 0 0;
    .port_info 0 /INPUT 1 "a";
    .port_info 1 /INPUT 1 "b";
    .port_info 2 /INPUT 1 "c";
    .port_info 3 /OUTPUT 1 "sum";
    .port_info 4 /OUTPUT 1 "carry";
L_0000000001114b90 .functor XOR 1, v0000000001114440_0, v0000000001113ea0_0, C4<0>, C4<0>;
L_0000000001114e30 .functor XOR 1, L_0000000001114b90, v00000000011137c0_0, C4<0>, C4<0>;
L_0000000001114730 .functor AND 1, v0000000001114440_0, v0000000001113ea0_0, C4<1>, C4<1>;
L_0000000001114c70 .functor AND 1, v0000000001113ea0_0, v00000000011137c0_0, C4<1>, C4<1>;
L_0000000001114d50 .functor OR 1, L_0000000001114730, L_0000000001114c70, C4<0>, C4<0>;
L_00000000011149d0 .functor AND 1, v00000000011137c0_0, v0000000001114440_0, C4<1>, C4<1>;
L_0000000001114b20 .functor OR 1, L_0000000001114d50, L_00000000011149d0, C4<0>, C4<0>;
v000000000111ac00_0 .net *"_ivl_0", 0 0, L_0000000001114b90;  1 drivers
v00000000010e28d0_0 .net *"_ivl_10", 0 0, L_00000000011149d0;  1 drivers
v00000000010cae00_0 .net *"_ivl_4", 0 0, L_0000000001114730;  1 drivers
v00000000010caea0_0 .net *"_ivl_6", 0 0, L_0000000001114c70;  1 drivers
v00000000010caf40_0 .net *"_ivl_8", 0 0, L_0000000001114d50;  1 drivers
v00000000011167e0_0 .net "a", 0 0, v0000000001114440_0;  1 drivers
v0000000001116880_0 .net "b", 0 0, v0000000001113ea0_0;  1 drivers
v0000000001116920_0 .net "c", 0 0, v00000000011137c0_0;  1 drivers
v0000000001113720_0 .net "carry", 0 0, L_0000000001114b20;  alias, 1 drivers
v0000000001113fe0_0 .net "sum", 0 0, L_0000000001114e30;  alias, 1 drivers
    .scope S_00000000010c9d30;
T_0 ;
    %vpi_call 2 7 "$dumpfile", "adder_wave.vcd" {0 0 0};
    %vpi_call 2 8 "$dumpvars", 32'sb00000000000000000000000000000000, S_00000000010c9d30 {0 0 0};
    %pushi/vec4 0, 0, 1;
    %store/vec4 v0000000001114440_0, 0, 1;
    %pushi/vec4 0, 0, 1;
    %store/vec4 v0000000001113ea0_0, 0, 1;
    %pushi/vec4 0, 0, 1;
    %store/vec4 v00000000011137c0_0, 0, 1;
    %delay 50, 0;
    %pushi/vec4 0, 0, 1;
    %store/vec4 v0000000001114440_0, 0, 1;
    %pushi/vec4 0, 0, 1;
    %store/vec4 v0000000001113ea0_0, 0, 1;
    %pushi/vec4 1, 0, 1;
    %store/vec4 v00000000011137c0_0, 0, 1;
    %delay 50, 0;
    %pushi/vec4 0, 0, 1;
    %store/vec4 v0000000001114440_0, 0, 1;
    %pushi/vec4 1, 0, 1;
    %store/vec4 v0000000001113ea0_0, 0, 1;
    %pushi/vec4 0, 0, 1;
    %store/vec4 v00000000011137c0_0, 0, 1;
    %delay 50, 0;
    %pushi/vec4 0, 0, 1;
    %store/vec4 v0000000001114440_0, 0, 1;
    %pushi/vec4 1, 0, 1;
    %store/vec4 v0000000001113ea0_0, 0, 1;
    %pushi/vec4 1, 0, 1;
    %store/vec4 v00000000011137c0_0, 0, 1;
    %delay 50, 0;
    %pushi/vec4 1, 0, 1;
    %store/vec4 v0000000001114440_0, 0, 1;
    %pushi/vec4 0, 0, 1;
    %store/vec4 v0000000001113ea0_0, 0, 1;
    %pushi/vec4 0, 0, 1;
    %store/vec4 v00000000011137c0_0, 0, 1;
    %delay 50, 0;
    %pushi/vec4 1, 0, 1;
    %store/vec4 v0000000001114440_0, 0, 1;
    %pushi/vec4 0, 0, 1;
    %store/vec4 v0000000001113ea0_0, 0, 1;
    %pushi/vec4 1, 0, 1;
    %store/vec4 v00000000011137c0_0, 0, 1;
    %delay 50, 0;
    %pushi/vec4 1, 0, 1;
    %store/vec4 v0000000001114440_0, 0, 1;
    %pushi/vec4 1, 0, 1;
    %store/vec4 v0000000001113ea0_0, 0, 1;
    %pushi/vec4 0, 0, 1;
    %store/vec4 v00000000011137c0_0, 0, 1;
    %delay 50, 0;
    %pushi/vec4 1, 0, 1;
    %store/vec4 v0000000001114440_0, 0, 1;
    %pushi/vec4 1, 0, 1;
    %store/vec4 v0000000001113ea0_0, 0, 1;
    %pushi/vec4 1, 0, 1;
    %store/vec4 v00000000011137c0_0, 0, 1;
    %delay 50, 0;
    %vpi_call 2 17 "$finish" {0 0 0};
    %end;
    .thread T_0;
# The file index is used to find the file name in the following table.
:file_names 4;
    "N/A";
    "<interactive>";
    "adder_tb.v";
    "adder.v";
